<?xml version="1.0" encoding="UTF-8"?>
<testng-results ignored="0" total="1" passed="1" failed="0" skipped="0">
  <reporter-output>
  </reporter-output>
  <suite started-at="2023-02-16T14:04:08 IST" name="Default suite" finished-at="2023-02-16T14:04:30 IST" duration-ms="22053">
    <groups>
    </groups>
    <test started-at="2023-02-16T14:04:08 IST" name="Default test" finished-at="2023-02-16T14:04:30 IST" duration-ms="22053">
      <class name="Practise.Screenshot">
        <test-method signature="verifyTitle()[pri:0, instance:Practise.Screenshot@27ff5d15]" started-at="2023-02-16T14:04:08 IST" name="verifyTitle" finished-at="2023-02-16T14:04:30 IST" duration-ms="21949" status="PASS">
          <reporter-output>
          </reporter-output>
        </test-method> <!-- verifyTitle -->
      </class> <!-- Practise.Screenshot -->
    </test> <!-- Default test -->
  </suite> <!-- Default suite -->
</testng-results>
